12:25:10.551 [main] INFO  org.testng.internal.Utils - [TestNG] Time taken by org.testng.internal.ExitCodeListener@475835b1: 0 ms
16:20:32.240 [main] DEBUG org.testng.TestNG - suiteXmlPath: "C:\Users\kumaran.balakrishnan\Workspace\AmazonCart\master.xml"
16:20:32.270 [main] WARN  org.testng.xml.TestNGContentHandler - Failed to read [/C:/Users/kumaran.balakrishnan/Workspace/AmazonCart/testng-1.0.dtd] from CLASSPATH. Attempting to read from [file:///C:/Users/kumaran.balakrishnan/Workspace/AmazonCart/testng-1.0.dtd].
16:20:32.273 [main] WARN  org.testng.xml.TestNGContentHandler - It is strongly recommended to add "<!DOCTYPE suite SYSTEM "https://testng.org/testng-1.1.dtd" >" at the top of the suite file [C:\Users\kumaran.balakrishnan\Workspace\AmazonCart\master.xml] otherwise TestNG may fail or not work as expected.
16:21:34.194 [main] DEBUG org.testng.TestNG - suiteXmlPath: "C:\Users\kumaran.balakrishnan\Workspace\AmazonCart\master.xml"
16:21:34.216 [main] WARN  org.testng.xml.TestNGContentHandler - Failed to read [/C:/Users/kumaran.balakrishnan/Workspace/AmazonCart/testng-1.0.dtd] from CLASSPATH. Attempting to read from [file:///C:/Users/kumaran.balakrishnan/Workspace/AmazonCart/testng-1.0.dtd].
16:21:34.219 [main] WARN  org.testng.xml.TestNGContentHandler - It is strongly recommended to add "<!DOCTYPE suite SYSTEM "https://testng.org/testng-1.1.dtd" >" at the top of the suite file [C:\Users\kumaran.balakrishnan\Workspace\AmazonCart\master.xml] otherwise TestNG may fail or not work as expected.
16:21:34.461 [main] INFO  org.testng.internal.Utils - [TestNG] Running:
  C:\Users\kumaran.balakrishnan\Workspace\AmazonCart\master.xml

16:29:52.738 [main] DEBUG org.testng.TestNG - suiteXmlPath: "C:\Users\kumaran.balakrishnan\Workspace\AmazonCart\master.xml"
16:29:52.759 [main] WARN  org.testng.xml.TestNGContentHandler - Failed to read [/C:/Users/kumaran.balakrishnan/Workspace/AmazonCart/testng-1.0.dtd] from CLASSPATH. Attempting to read from [file:///C:/Users/kumaran.balakrishnan/Workspace/AmazonCart/testng-1.0.dtd].
16:29:52.762 [main] WARN  org.testng.xml.TestNGContentHandler - It is strongly recommended to add "<!DOCTYPE suite SYSTEM "https://testng.org/testng-1.1.dtd" >" at the top of the suite file [C:\Users\kumaran.balakrishnan\Workspace\AmazonCart\master.xml] otherwise TestNG may fail or not work as expected.
16:29:52.989 [main] INFO  org.testng.internal.Utils - [TestNG] Running:
  C:\Users\kumaran.balakrishnan\Workspace\AmazonCart\master.xml

16:32:30.079 [main] DEBUG org.testng.TestNG - suiteXmlPath: "C:\Users\kumaran.balakrishnan\Workspace\AmazonCart\master.xml"
16:32:30.106 [main] WARN  org.testng.xml.TestNGContentHandler - Failed to read [/C:/Users/kumaran.balakrishnan/Workspace/AmazonCart/testng-1.0.dtd] from CLASSPATH. Attempting to read from [file:///C:/Users/kumaran.balakrishnan/Workspace/AmazonCart/testng-1.0.dtd].
16:32:30.110 [main] WARN  org.testng.xml.TestNGContentHandler - It is strongly recommended to add "<!DOCTYPE suite SYSTEM "https://testng.org/testng-1.1.dtd" >" at the top of the suite file [C:\Users\kumaran.balakrishnan\Workspace\AmazonCart\master.xml] otherwise TestNG may fail or not work as expected.
16:32:30.308 [main] INFO  org.testng.internal.Utils - [TestNG] Running:
  C:\Users\kumaran.balakrishnan\Workspace\AmazonCart\master.xml

16:36:14.764 [main] DEBUG org.testng.TestNG - suiteXmlPath: "C:\Users\KUMARA~1.BAL\AppData\Local\Temp\testng-eclipse-418074700\testng-customsuite.xml"
16:36:15.036 [main] INFO  org.testng.internal.Utils - [Utils] MethodGroupsHelper.collectMethodsByGroup() took 0 ms.
16:36:15.039 [main] INFO  org.testng.internal.Utils - [Utils] MethodGroupsHelper.sortMethods() took 2 ms.
16:36:15.040 [main] INFO  org.testng.internal.Utils - [Utils] MethodGroupsHelper.collectMethodsByGroup() took 0 ms.
16:36:15.041 [main] INFO  org.testng.internal.Utils - [Utils] MethodGroupsHelper.sortMethods() took 0 ms.
16:36:15.041 [main] INFO  org.testng.internal.Utils - [Utils] MethodGroupsHelper.collectMethodsByGroup() took 0 ms.
16:36:15.041 [main] INFO  org.testng.internal.Utils - [Utils] MethodGroupsHelper.sortMethods() took 0 ms.
16:36:15.042 [main] INFO  org.testng.internal.Utils - [Utils] MethodGroupsHelper.collectMethodsByGroup() took 0 ms.
16:36:15.042 [main] INFO  org.testng.internal.Utils - [Utils] MethodGroupsHelper.sortMethods() took 0 ms.
16:36:15.047 [main] INFO  org.testng.internal.Utils - [Utils] MethodGroupsHelper.collectMethodsByGroup() took 3 ms.
16:36:15.059 [main] INFO  org.testng.internal.Utils - [Utils] MethodGroupsHelper.sortMethods() took 11 ms.
16:36:15.060 [main] INFO  org.testng.internal.Utils - [Utils] MethodGroupsHelper.collectMethodsByGroup() took 0 ms.
16:36:15.061 [main] INFO  org.testng.internal.Utils - [Utils] MethodGroupsHelper.sortMethods() took 0 ms.
16:36:15.061 [main] INFO  org.testng.internal.Utils - [Utils] MethodGroupsHelper.collectMethodsByGroup() took 0 ms.
16:36:15.061 [main] INFO  org.testng.internal.Utils - [Utils] MethodGroupsHelper.sortMethods() took 0 ms.
